<?xml version="1.0" encoding="UTF-8"?>
<!-- Generated by org.testng.reporters.JUnitReportReporter -->
<testsuite skipped="0" hostname="sg-lt-291" name="Tests.RegistrationPageTests" tests="1" failures="0" timestamp="09 Feb 2018 16:44:10 GMT" time="3.220" errors="0">
  <testcase name="fillAndSubmitRegistrationForm" time="3.220" classname="Tests.RegistrationPageTests"/>
</testsuite> <!-- Tests.RegistrationPageTests -->
